INFO vert.x-worker-thread-9 com.mygubbi.ServerVerticle - Config Service started.
INFO vert.x-worker-thread-9 com.mygubbi.ServerVerticle - com.mygubbi.si.email.EmailService starting ...
INFO vert.x-worker-thread-10 com.mygubbi.si.email.EmailService - EmailService registered.true
INFO vert.x-worker-thread-11 com.mygubbi.ServerVerticle - com.mygubbi.si.email.EmailService started.
INFO vert.x-worker-thread-11 com.mygubbi.ServerVerticle - com.mygubbi.db.QueryPrepareService starting ...
INFO vert.x-worker-thread-12 com.mygubbi.common.MultiFileReader - File to read : game/db/proposal_queries.json
INFO vert.x-worker-thread-13 com.mygubbi.common.MultiFileReader - File to read : game/db/user_queries.json
INFO vert.x-worker-thread-14 com.mygubbi.common.MultiFileReader - File to read : config/queries.json
INFO vert.x-worker-thread-15 com.mygubbi.common.MultiFileReader - All files loaded.
INFO vert.x-worker-thread-15 com.mygubbi.db.QueryPrepareService - Query map created.
INFO vert.x-worker-thread-16 com.mygubbi.ServerVerticle - com.mygubbi.db.QueryPrepareService started.
INFO vert.x-worker-thread-16 com.mygubbi.ServerVerticle - com.mygubbi.db.DatabaseService starting ...
INFO MLog-Init-Reporter com.mchange.v2.log.MLog - MLog clients using log4j logging.
INFO vert.x-worker-thread-17 com.mchange.v2.c3p0.C3P0Registry - Initializing c3p0-0.9.5.1 [built 16-June-2015 00:06:36 -0700; debug? true; trace: 10]
INFO vertx-jdbc-service-get-connection-thread com.mchange.v2.c3p0.impl.AbstractPoolBackedDataSource - Initializing c3p0 pool... com.mchange.v2.c3p0.ComboPooledDataSource [ acquireIncrement -> 3, acquireRetryAttempts -> 30, acquireRetryDelay -> 1000, autoCommitOnClose -> false, automaticTestTable -> null, breakAfterAcquireFailure -> false, checkoutTimeout -> 0, connectionCustomizerClassName -> null, connectionTesterClassName -> com.mchange.v2.c3p0.impl.DefaultConnectionTester, contextClassLoaderSource -> caller, dataSourceName -> 1hge0w79n1e14c9sv68wup|6af4ad05, debugUnreturnedConnectionStackTraces -> false, description -> null, driverClass -> com.mysql.jdbc.Driver, extensions -> {}, factoryClassLocation -> null, forceIgnoreUnresolvedTransactions -> false, forceSynchronousCheckins -> false, forceUseNamedDriverClass -> false, identityToken -> 1hge0w79n1e14c9sv68wup|6af4ad05, idleConnectionTestPeriod -> 0, initialPoolSize -> 3, jdbcUrl -> jdbc:mysql://localhost/mg, maxAdministrativeTaskTime -> 0, maxConnectionAge -> 0, maxIdleTime -> 0, maxIdleTimeExcessConnections -> 0, maxPoolSize -> 20, maxStatements -> 0, maxStatementsPerConnection -> 0, minPoolSize -> 3, numHelperThreads -> 3, preferredTestQuery -> null, privilegeSpawnedThreads -> false, properties -> {user=******, password=******}, propertyCycle -> 0, statementCacheNumDeferredCloseThreads -> 0, testConnectionOnCheckin -> false, testConnectionOnCheckout -> false, unreturnedConnectionTimeout -> 0, userOverrides -> {}, usesTraditionalReflectiveProxies -> false ]
INFO vert.x-worker-thread-18 com.mygubbi.db.DatabaseService - Connection to DB established.
INFO vert.x-worker-thread-18 com.mygubbi.db.DatabaseService - Database service started.
INFO vert.x-worker-thread-19 com.mygubbi.ServerVerticle - com.mygubbi.db.DatabaseService started.
INFO vert.x-worker-thread-18 com.mygubbi.db.DatabaseService - Database Service handler registered.true
INFO vert.x-worker-thread-19 com.mygubbi.ServerVerticle - com.mygubbi.support.LogServiceVerticle starting ...
INFO vert.x-worker-thread-19 com.mygubbi.support.LogServiceVerticle - Log service started.
INFO vert.x-worker-thread-19 com.mygubbi.support.LogServiceVerticle - Log Service handler registered.
INFO vert.x-worker-thread-19 com.mygubbi.ServerVerticle - com.mygubbi.support.LogServiceVerticle started.
INFO vert.x-worker-thread-19 com.mygubbi.ServerVerticle - com.mygubbi.apiserver.GameApiServerVerticle starting ...
INFO vert.x-worker-thread-19 com.mygubbi.ServerVerticle - com.mygubbi.game.proposal.ModuleDataService starting ...
INFO vert.x-worker-thread-19 com.mygubbi.ServerVerticle - com.mygubbi.game.proposal.price.RateCardService starting ...
INFO vert.x-worker-thread-19 com.mygubbi.ServerVerticle - com.mygubbi.game.proposal.price.ComprehensiveModulePricingService starting ...
INFO vert.x-worker-thread-19 com.mygubbi.ServerVerticle - com.mygubbi.game.proposal.price.PriceRecorderService starting ...
INFO vert.x-worker-thread-19 com.mygubbi.ServerVerticle - com.mygubbi.game.proposal.output.ProposalOutputService starting ...
INFO vert.x-worker-thread-19 com.mygubbi.ServerVerticle - com.mygubbi.si.email.EmailService starting ...
INFO vert.x-worker-thread-19 com.mygubbi.ServerVerticle - com.mygubbi.game.proposal.price.ProposalPricingUpdateService starting ...
INFO vert.x-eventloop-thread-0 com.mygubbi.apiserver.GameApiServerVerticle - Cache handler not registered.
INFO vert.x-worker-thread-19 com.mygubbi.ServerVerticle - com.mygubbi.game.proposal.price.ProposalVersionPriceUpdateService starting ...
INFO vert.x-worker-thread-19 com.mygubbi.ServerVerticle - com.mygubbi.search.LibSearchService starting ...
INFO vert.x-worker-thread-4 com.mygubbi.game.proposal.price.ComprehensiveModulePricingService - Comprehensive Module price calculator service started.true
INFO vert.x-worker-thread-4 com.mygubbi.game.proposal.price.PriceRecorderService - Module price recorder service started.true
INFO vert.x-eventloop-thread-0 com.mygubbi.apiserver.ConfiguredRestApiHandler - Configuring url: /gapi/proposal/summary
INFO vert.x-worker-thread-3 com.mygubbi.si.email.EmailService - EmailService registered.true
INFO vert.x-worker-thread-3 com.mygubbi.game.proposal.price.ProposalPricingUpdateService - Update Proposal price service started.true
INFO vert.x-worker-thread-3 com.mygubbi.game.proposal.price.ProposalVersionPriceUpdateService - Proposal version price update service started.true
INFO vert.x-worker-thread-19 com.mygubbi.ServerVerticle - com.mygubbi.game.proposal.price.ComprehensiveModulePricingService started.
INFO vert.x-worker-thread-19 com.mygubbi.ServerVerticle - com.mygubbi.game.proposal.price.PriceRecorderService started.
INFO vert.x-worker-thread-19 com.mygubbi.ServerVerticle - com.mygubbi.si.email.EmailService started.
INFO vert.x-worker-thread-19 com.mygubbi.ServerVerticle - com.mygubbi.game.proposal.price.ProposalPricingUpdateService started.
INFO vert.x-worker-thread-19 com.mygubbi.ServerVerticle - com.mygubbi.game.proposal.price.ProposalVersionPriceUpdateService started.
INFO vert.x-worker-thread-19 com.mygubbi.ServerVerticle - com.mygubbi.game.proposal.output.ProposalOutputService started.
INFO vert.x-worker-thread-4 com.mygubbi.game.proposal.output.ProposalOutputService - Proposal output service started.true
INFO vert.x-eventloop-thread-0 com.mygubbi.apiserver.ConfiguredRestApiHandler - Configuring url: /gapi/proposal/header
INFO vert.x-eventloop-thread-0 com.mygubbi.apiserver.ConfiguredRestApiHandler - Configuring url: /gapi/proposal/listbydesignpartner
INFO vert.x-eventloop-thread-0 com.mygubbi.apiserver.ConfiguredRestApiHandler - Configuring url: /gapi/proposal/listcrmid
INFO vert.x-eventloop-thread-0 com.mygubbi.apiserver.ConfiguredRestApiHandler - Configuring url: /gapi/proposal/documents
INFO vert.x-eventloop-thread-0 com.mygubbi.apiserver.ConfiguredRestApiHandler - Configuring url: /gapi/proposal/version/publish
INFO vert.x-eventloop-thread-0 com.mygubbi.apiserver.ConfiguredRestApiHandler - Configuring url: /gapi/proposal/version/confirm
INFO vert.x-eventloop-thread-0 com.mygubbi.apiserver.ConfiguredRestApiHandler - Configuring url: /gapi/proposal/version/designsignoff
INFO vert.x-eventloop-thread-0 com.mygubbi.apiserver.ConfiguredRestApiHandler - Configuring url: /gapi/proposal/version/productionsignoff
INFO vert.x-eventloop-thread-0 com.mygubbi.apiserver.ConfiguredRestApiHandler - Configuring url: /gapi/proposal/version/locakallpresalesversions
INFO vert.x-eventloop-thread-0 com.mygubbi.apiserver.ConfiguredRestApiHandler - Configuring url: /gapi/proposal/version/locakallpostsalesversions
INFO vert.x-eventloop-thread-0 com.mygubbi.apiserver.ConfiguredRestApiHandler - Configuring url: /gapi/proposal/version/lockallversions
INFO vert.x-eventloop-thread-0 com.mygubbi.apiserver.ConfiguredRestApiHandler - Configuring url: /gapi/proposal/version/getlatestversion
INFO vert.x-eventloop-thread-0 com.mygubbi.apiserver.ConfiguredRestApiHandler - Configuring url: /gapi/proposal/version/getversiondetails
INFO vert.x-eventloop-thread-0 com.mygubbi.apiserver.ConfiguredRestApiHandler - Configuring url: /gapi/proposal/updateversion
INFO vert.x-eventloop-thread-0 com.mygubbi.apiserver.ConfiguredRestApiHandler - Configuring url: /gapi/proposal/publish
INFO vert.x-eventloop-thread-0 com.mygubbi.apiserver.ConfiguredRestApiHandler - Configuring url: /gapi/proposal/revise
INFO vert.x-eventloop-thread-0 com.mygubbi.apiserver.ConfiguredRestApiHandler - Configuring url: /gapi/proposal/id
INFO vert.x-eventloop-thread-0 com.mygubbi.apiserver.ConfiguredRestApiHandler - Configuring url: /gapi/proposal/cancel
INFO vert.x-eventloop-thread-0 com.mygubbi.apiserver.ConfiguredRestApiHandler - Configuring url: /gapi/proposal/delete
INFO vert.x-eventloop-thread-0 com.mygubbi.apiserver.ConfiguredRestApiHandler - Configuring url: /gapi/proposal/add.doc
INFO vert.x-eventloop-thread-0 com.mygubbi.apiserver.ConfiguredRestApiHandler - Configuring url: /gapi/proposal/remove.doc
INFO vert.x-eventloop-thread-0 com.mygubbi.apiserver.ConfiguredRestApiHandler - Configuring url: /gapi/proposal/version/product/updateVersionOnConfirm
INFO vert.x-eventloop-thread-0 com.mygubbi.apiserver.ConfiguredRestApiHandler - Configuring url: /gapi/proposal/version/addon/updateVersionOnConfirm
INFO vert.x-eventloop-thread-0 com.mygubbi.apiserver.ConfiguredRestApiHandler - Configuring url: /gapi/proposal/version/presales
INFO vert.x-eventloop-thread-0 com.mygubbi.apiserver.ConfiguredRestApiHandler - Configuring url: /gapi/proposal/version/postsales
INFO vert.x-eventloop-thread-0 com.mygubbi.apiserver.ConfiguredRestApiHandler - Configuring url: /gapi/proposal/version/production
INFO vert.x-eventloop-thread-0 com.mygubbi.apiserver.ConfiguredRestApiHandler - Configuring url: /gapi/product/list
INFO vert.x-eventloop-thread-0 com.mygubbi.apiserver.ConfiguredRestApiHandler - Configuring url: /gapi/proposal/versions
INFO vert.x-eventloop-thread-0 com.mygubbi.apiserver.ConfiguredRestApiHandler - Configuring url: /gapi/proposal/addon.add
INFO vert.x-eventloop-thread-0 com.mygubbi.apiserver.ConfiguredRestApiHandler - Configuring url: /gapi/proposal/addon.update
INFO vert.x-eventloop-thread-0 com.mygubbi.apiserver.ConfiguredRestApiHandler - Configuring url: /gapi/proposal/addon.remove
INFO vert.x-eventloop-thread-0 com.mygubbi.apiserver.ConfiguredRestApiHandler - Configuring url: /gapi/proposal/addon.list
INFO vert.x-eventloop-thread-0 com.mygubbi.apiserver.ConfiguredRestApiHandler - Configuring url: /gapi/proposal/version/addonlist
INFO vert.x-eventloop-thread-0 com.mygubbi.apiserver.ConfiguredRestApiHandler - Configuring url: /gapi/product/detail
INFO vert.x-eventloop-thread-0 com.mygubbi.apiserver.ConfiguredRestApiHandler - Configuring url: /gapi/product/manualSeq
INFO vert.x-eventloop-thread-0 com.mygubbi.apiserver.ConfiguredRestApiHandler - Configuring url: /gapi/product/delete
INFO vert.x-eventloop-thread-0 com.mygubbi.apiserver.ConfiguredRestApiHandler - Configuring url: /gapi/product/documents
INFO vert.x-eventloop-thread-0 com.mygubbi.apiserver.ConfiguredRestApiHandler - Configuring url: /gapi/product/add.doc
INFO vert.x-eventloop-thread-0 com.mygubbi.apiserver.ConfiguredRestApiHandler - Configuring url: /gapi/product/remove.doc
INFO vert.x-eventloop-thread-0 com.mygubbi.apiserver.ConfiguredRestApiHandler - Configuring url: /gapi/product/versionlist
INFO vert.x-eventloop-thread-0 com.mygubbi.apiserver.ConfiguredRestApiHandler - Configuring url: /gapi/codelookup
INFO vert.x-eventloop-thread-0 com.mygubbi.apiserver.ConfiguredRestApiHandler - Configuring url: /gapi/finishlookup
INFO vert.x-eventloop-thread-0 com.mygubbi.apiserver.ConfiguredRestApiHandler - Configuring url: /gapi/colorlookup
INFO vert.x-eventloop-thread-0 com.mygubbi.apiserver.ConfiguredRestApiHandler - Configuring url: /gapi/module/addonsforaccpack
INFO vert.x-eventloop-thread-0 com.mygubbi.apiserver.ConfiguredRestApiHandler - Configuring url: /gapi/addons
INFO vert.x-eventloop-thread-0 com.mygubbi.apiserver.ConfiguredRestApiHandler - Configuring url: /gapi/addon/categories
INFO vert.x-eventloop-thread-0 com.mygubbi.apiserver.ConfiguredRestApiHandler - Configuring url: /gapi/addon/productTypes
INFO vert.x-eventloop-thread-0 com.mygubbi.apiserver.ConfiguredRestApiHandler - Configuring url: /gapi/addon/productSubTypes
INFO vert.x-eventloop-thread-0 com.mygubbi.apiserver.ConfiguredRestApiHandler - Configuring url: /gapi/addon/brands
INFO vert.x-eventloop-thread-0 com.mygubbi.apiserver.ConfiguredRestApiHandler - Configuring url: /gapi/addon/products
INFO vert.x-eventloop-thread-0 com.mygubbi.apiserver.ConfiguredRestApiHandler - Configuring url: /gapi/addon/newprods
INFO vert.x-eventloop-thread-0 com.mygubbi.apiserver.ConfiguredRestApiHandler - Configuring url: /gapi/user/listbyrole
INFO vert.x-eventloop-thread-0 com.mygubbi.apiserver.ConfiguredRestApiHandler - Configuring url: /gapi/finishcodes
INFO vert.x-eventloop-thread-0 com.mygubbi.apiserver.ConfiguredRestApiHandler - Configuring url: /gapi/colorcodes
INFO vert.x-eventloop-thread-0 com.mygubbi.apiserver.ConfiguredRestApiHandler - Configuring url: /gapi/allcolorlookup
INFO vert.x-eventloop-thread-0 com.mygubbi.apiserver.ConfiguredRestApiHandler - Configuring url: /gapi/catalogproduct
INFO vert.x-eventloop-thread-0 com.mygubbi.apiserver.ConfiguredRestApiHandler - Configuring url: /gapi/catalog-products
INFO vert.x-eventloop-thread-0 com.mygubbi.apiserver.ConfiguredRestApiHandler - Configuring url: /gapi/module/modulesByCategory
INFO vert.x-eventloop-thread-0 com.mygubbi.apiserver.ConfiguredRestApiHandler - Configuring url: /gapi/proposal/id
INFO vert.x-eventloop-thread-0 com.mygubbi.apiserver.ConfiguredRestApiHandler - Configuring url: /gapi/city/selectMonthCount
INFO vert.x-eventloop-thread-0 com.mygubbi.apiserver.ConfiguredRestApiHandler - Configuring url: /gapi/city/newCityQuote
INFO vert.x-eventloop-thread-0 com.mygubbi.apiserver.ConfiguredRestApiHandler - Configuring url: /gapi/city/selectCity
INFO vert.x-eventloop-thread-0 com.mygubbi.apiserver.ConfiguredRestApiHandler - Configuring url: /gapi/city/checkCity
INFO vert.x-eventloop-thread-0 com.mygubbi.apiserver.ConfiguredRestApiHandler - Configuring url: /gapi/addon/addondetails
INFO vert.x-eventloop-thread-0 com.mygubbi.apiserver.ConfiguredRestApiHandler - Configuring url: /gapi/proposal/accdetails
INFO vert.x-eventloop-thread-0 com.mygubbi.apiserver.ConfiguredRestApiHandler - Configuring url: /gapi/proposal/acchwdetails
INFO vert.x-eventloop-thread-0 com.mygubbi.apiserver.ConfiguredRestApiHandler - Configuring url: /gapi/workbench/codelookup
INFO vert.x-eventloop-thread-0 com.mygubbi.apiserver.ConfiguredRestApiHandler - Configuring url: /gapi/workbench/additionalcodelookup
INFO vert.x-eventloop-thread-0 com.mygubbi.apiserver.ConfiguredRestApiHandler - Configuring url: /gapi/workbench/designmaster/create
INFO vert.x-eventloop-thread-0 com.mygubbi.apiserver.ConfiguredRestApiHandler - Configuring url: /gapi/workbench/designmaster/select
INFO vert.x-eventloop-thread-0 com.mygubbi.apiserver.ConfiguredRestApiHandler - Configuring url: /gapi/workbench/productmaster/create
INFO vert.x-eventloop-thread-0 com.mygubbi.apiserver.ConfiguredRestApiHandler - Configuring url: /gapi/workbench/productmaster/select
INFO vert.x-eventloop-thread-0 com.mygubbi.apiserver.ConfiguredRestApiHandler - Configuring url: /gapi/workbench/materialcomponentmapping/select
INFO vert.x-eventloop-thread-0 com.mygubbi.apiserver.ConfiguredRestApiHandler - Configuring url: /gapi/workbench/productmaster/id
INFO vert.x-eventloop-thread-0 com.mygubbi.apiserver.ConfiguredRestApiHandler - Configuring url: /gapi/workbench/designmaster/id
INFO vert.x-eventloop-thread-0 com.mygubbi.apiserver.ConfiguredRestApiHandler - Configuring url: /gapi/workbench/designmaster/fetch
INFO vert.x-eventloop-thread-0 com.mygubbi.apiserver.ConfiguredRestApiHandler - Configuring url: /gapi/workbench/materialfinishmapping
INFO vert.x-eventloop-thread-0 com.mygubbi.apiserver.ConfiguredRestApiHandler - Configuring url: /gapi/proposal/rcodedetails
INFO vert.x-eventloop-thread-0 com.mygubbi.apiserver.ConfiguredRestApiHandler - Configuring url: /gapi/proposal/moduleacchwdetails
INFO vert.x-eventloop-thread-0 com.mygubbi.apiserver.ConfiguredRestApiHandler - Urls configured.
INFO vert.x-eventloop-thread-0 com.mygubbi.game.proposal.ProposalHandler - this.proposalDocsFolder:c:/Users/Public/game_files
INFO vert.x-worker-thread-13 com.mygubbi.game.proposal.ModuleDataService - Module master is loaded.
INFO vert.x-worker-thread-15 com.mygubbi.ServerVerticle - com.mygubbi.apiserver.GameApiServerVerticle started.
INFO vert.x-worker-thread-7 com.mygubbi.game.proposal.ModuleDataService - Module components loaded.
INFO vert.x-worker-thread-7 com.mygubbi.game.proposal.ModuleDataService - Module panels done.
INFO vert.x-worker-thread-7 com.mygubbi.game.proposal.ModuleDataService - Accessories or Hardware loaded for type H
INFO vert.x-worker-thread-7 com.mygubbi.game.proposal.ModuleDataService - Finish master is loaded.
INFO vert.x-worker-thread-5 org.elasticsearch.node - [Revanche] version[1.7.4], pid[2420], build[0d3159b/2015-12-15T16:45:04Z]
INFO vert.x-worker-thread-5 org.elasticsearch.node - [Revanche] initializing ...
INFO vert.x-worker-thread-0 com.mygubbi.ServerVerticle - com.mygubbi.game.proposal.price.RateCardService started.
INFO vert.x-worker-thread-12 com.mygubbi.game.proposal.ModuleDataService - Accessory Pack addons are loaded.
INFO vert.x-worker-thread-12 com.mygubbi.ServerVerticle - com.mygubbi.game.proposal.ModuleDataService started.
INFO vert.x-worker-thread-5 org.elasticsearch.plugins - [Revanche] loaded [], sites []
WARN vert.x-worker-thread-5 org.elasticsearch.bootstrap - JNA not found. native methods will be disabled.
INFO vert.x-worker-thread-5 org.elasticsearch.node - [Revanche] initialized
INFO vert.x-worker-thread-5 org.elasticsearch.node - [Revanche] starting ...
INFO vert.x-worker-thread-5 org.elasticsearch.transport - [Revanche] bound_address {inet[/0:0:0:0:0:0:0:0:9301]}, publish_address {inet[/192.168.0.7:9301]}
INFO vert.x-worker-thread-5 org.elasticsearch.discovery - [Revanche] elasticsearch_dev/exVqOMdzQ9C3AGkr0Y457A
INFO elasticsearch[Revanche][clusterService#updateTask][T#1] org.elasticsearch.cluster.service - [Revanche] detected_master [Toxin][2JJIgMTVSIiakPoR3nCxUg][admin-PC][inet[/192.168.0.7:9300]], added {[Toxin][2JJIgMTVSIiakPoR3nCxUg][admin-PC][inet[/192.168.0.7:9300]],}, reason: zen-disco-receive(from master [[Toxin][2JJIgMTVSIiakPoR3nCxUg][admin-PC][inet[/192.168.0.7:9300]]])
INFO vert.x-worker-thread-5 org.elasticsearch.node - [Revanche] started
INFO vert.x-worker-thread-5 com.mygubbi.ServerVerticle - com.mygubbi.search.LibSearchService started.
INFO vert.x-worker-thread-15 com.mygubbi.ServerVerticle - All services started.
INFO vert.x-eventloop-thread-1 com.mygubbi.ServerVerticle - Server started.
INFO vert.x-worker-thread-17 com.mygubbi.db.DatabaseService - Query:INSERT INTO `proposal_addon` (`seq`, `proposalId`, `fromVersion`, `code`, `categoryCode`, `productTypeCode`, `productSubtypeCode`, `product`, `brandCode`, `catalogueCode`, `title`, `rate`, `quantity`, `amount`, `uom`, `updatedBy`, `touchtime`, `profit`, `margin`, `remarks`, `sourcePrice`, `amountWOTax`, spaceName, subSpaceName, description, imageUrl) select ? as seq, ? as `proposalId`, ? as `fromVersion`, `code`, `categoryCode`, `productTypeCode`, `productSubtypeCode`,  `product`, `brandCode`, `catalogueCode`, `title`, get_addon_price(?, ?) as rate, ? as quantity, 0.0 as amount, `uom`, ?,now(), 0 as `profit`, 0 as margin, '' as remarks, 0 as sourcePrice, 0.0 as amountWOTax, ?, ?, title as description, imagePath as imageUrl   from addon_master where code = ?. Params:[3,3059,"0.1","ADDON01","2017-04-28 00:00:00",1,"mygubbi@gmail.com","Kitchen-1","room","ADDON01"]
INFO vert.x-eventloop-thread-0 com.mygubbi.route.ProductSpaceHandler - Successfully added addon to space
INFO vert.x-eventloop-thread-0 com.mygubbi.route.ProductSpaceHandler - Successfully deleted space
