0 info it worked if it ends with ok
1 verbose cli [ 'E:\\mnt\\install\\nodejs\\node.exe',
1 verbose cli   'E:\\mnt\\install\\nodejs\\node_modules\\npm\\bin\\npm-cli.js',
1 verbose cli   'run',
1 verbose cli   'minify' ]
2 info using npm@3.10.9
3 info using node@v6.9.2
4 verbose run-script [ 'preminify', 'minify', 'postminify' ]
5 info lifecycle og-web-ui@0.0.0~preminify: og-web-ui@0.0.0
6 silly lifecycle og-web-ui@0.0.0~preminify: no script for preminify, continuing
7 info lifecycle og-web-ui@0.0.0~minify: og-web-ui@0.0.0
8 verbose lifecycle og-web-ui@0.0.0~minify: unsafe-perm in lifecycle true
9 verbose lifecycle og-web-ui@0.0.0~minify: PATH: E:\mnt\install\nodejs\node_modules\npm\bin\node-gyp-bin;E:\mygubbi\workbench-backend\apidevelopment\ogserver\node_modules\.bin;C:\Windows\system32;C:\Windows;C:\Windows\System32\Wbem;C:\Windows\System32\WindowsPowerShell\v1.0\;E:\mnt\install\Java\jdk1.8.0_111\bin;C:\Program Files\Git\cmd;E:\mnt\install\apache-maven-3.3.9\bin;C:\Program Files\MySQL\MySQL Utilities 1.6\;E:\mnt\install\nodejs\;C:\Program Files\MySQL\MySQL Server 5.7\bin;C:\Program Files (x86)\Meld\meld\bin;E:\mnt\install\scala\bin;E:\mnt\install\scala\bin;C:\Program Files\erl8.2\bin;C:\Program Files (x86)\Skype\Phone\;E:\mnt\install\gradle-3.4\bin;C:\Program Files\wkhtmltopdf\bin;E:\mnt\install\Anaconda3;E:\mnt\install\Anaconda3\Scripts;E:\mnt\install\Anaconda3\Library\bin;C:\Users\admin\AppData\Roaming\npm;C:\Users\admin\AppData\Local\atom\bin
10 verbose lifecycle og-web-ui@0.0.0~minify: CWD: E:\mygubbi\workbench-backend\apidevelopment\ogserver
11 silly lifecycle og-web-ui@0.0.0~minify: Args: [ '/d /s /c', 'gulp' ]
12 silly lifecycle og-web-ui@0.0.0~minify: Returned: code: 1  signal: null
13 info lifecycle og-web-ui@0.0.0~minify: Failed to exec minify script
14 verbose stack Error: og-web-ui@0.0.0 minify: `gulp`
14 verbose stack Exit status 1
14 verbose stack     at EventEmitter.<anonymous> (E:\mnt\install\nodejs\node_modules\npm\lib\utils\lifecycle.js:255:16)
14 verbose stack     at emitTwo (events.js:106:13)
14 verbose stack     at EventEmitter.emit (events.js:191:7)
14 verbose stack     at ChildProcess.<anonymous> (E:\mnt\install\nodejs\node_modules\npm\lib\utils\spawn.js:40:14)
14 verbose stack     at emitTwo (events.js:106:13)
14 verbose stack     at ChildProcess.emit (events.js:191:7)
14 verbose stack     at maybeClose (internal/child_process.js:877:16)
14 verbose stack     at Process.ChildProcess._handle.onexit (internal/child_process.js:226:5)
15 verbose pkgid og-web-ui@0.0.0
16 verbose cwd E:\mygubbi\workbench-backend\apidevelopment\ogserver
17 error Windows_NT 6.1.7601
18 error argv "E:\\mnt\\install\\nodejs\\node.exe" "E:\\mnt\\install\\nodejs\\node_modules\\npm\\bin\\npm-cli.js" "run" "minify"
19 error node v6.9.2
20 error npm  v3.10.9
21 error code ELIFECYCLE
22 error og-web-ui@0.0.0 minify: `gulp`
22 error Exit status 1
23 error Failed at the og-web-ui@0.0.0 minify script 'gulp'.
23 error Make sure you have the latest version of node.js and npm installed.
23 error If you do, this is most likely a problem with the og-web-ui package,
23 error not with npm itself.
23 error Tell the author that this fails on your system:
23 error     gulp
23 error You can get information on how to open an issue for this project with:
23 error     npm bugs og-web-ui
23 error Or if that isn't available, you can get their info via:
23 error     npm owner ls og-web-ui
23 error There is likely additional logging output above.
24 verbose exit [ 1, true ]
